==403== Memcheck, a memory error detector
==403== Copyright (C) 2002-2015, and GNU GPL'd, by Julian Seward et al.
==403== Using Valgrind-3.11.0 and LibVEX; rerun with -h for copyright info
==403== Command: ./a.out
==403== 
==403== error calling PR_SET_PTRACER, vgdb might block
a.out: testcase09.c:21: main: Assertion `set(party, 14, 28) == LPA_SUCCESS' failed.
==403== 
==403== Process terminating with default action of signal 6 (SIGABRT)
==403==    at 0x4E6F428: raise (raise.c:54)
==403==    by 0x4E71029: abort (abort.c:89)
==403==    by 0x4E67BD6: __assert_fail_base (assert.c:92)
==403==    by 0x4E67C81: __assert_fail (assert.c:101)
==403==    by 0x4006C8: main (testcase09.c:21)
==403== 
==403== HEAP SUMMARY:
==403==     in use at exit: 32 bytes in 1 blocks
==403==   total heap usage: 3 allocs, 2 frees, 217 bytes allocated
==403== 
==403== LEAK SUMMARY:
==403==    definitely lost: 0 bytes in 0 blocks
==403==    indirectly lost: 0 bytes in 0 blocks
==403==      possibly lost: 0 bytes in 0 blocks
==403==    still reachable: 32 bytes in 1 blocks
==403==         suppressed: 0 bytes in 0 blocks
==403== Reachable blocks (those to which a pointer was found) are not shown.
==403== To see them, rerun with: --leak-check=full --show-leak-kinds=all
==403== 
==403== For counts of detected and suppressed errors, rerun with: -v
==403== ERROR SUMMARY: 0 errors from 0 contexts (suppressed: 0 from 0)
